<?xml version="1.0" encoding="UTF-8"?>
<testng-results ignored="0" total="2" passed="2" failed="0" skipped="0">
  <reporter-output>
  </reporter-output>
  <suite started-at="2022-03-15T13:34:43 IST" name="Default suite" finished-at="2022-03-15T13:35:40 IST" duration-ms="57188">
    <groups>
    </groups>
    <test started-at="2022-03-15T13:34:43 IST" name="Default test" finished-at="2022-03-15T13:35:40 IST" duration-ms="57188">
      <class name="Test.TestMedi.NewTest">
        <test-method is-config="true" signature="Before()[pri:0, instance:Test.TestMedi.NewTest@4da4253]" started-at="2022-03-15T13:34:43 IST" name="Before" finished-at="2022-03-15T13:34:46 IST" duration-ms="2937" status="PASS">
          <reporter-output>
          </reporter-output>
        </test-method> <!-- Before -->
        <test-method signature="TestUser()[pri:49, instance:Test.TestMedi.NewTest@4da4253]" started-at="2022-03-15T13:34:46 IST" name="TestUser" finished-at="2022-03-15T13:35:13 IST" duration-ms="26338" status="PASS">
          <reporter-output>
          </reporter-output>
        </test-method> <!-- TestUser -->
        <test-method is-config="true" signature="After()[pri:0, instance:Test.TestMedi.NewTest@4da4253]" started-at="2022-03-15T13:35:13 IST" name="After" finished-at="2022-03-15T13:35:15 IST" duration-ms="2380" status="PASS">
          <reporter-output>
          </reporter-output>
        </test-method> <!-- After -->
        <test-method is-config="true" signature="Before()[pri:0, instance:Test.TestMedi.NewTest@4da4253]" started-at="2022-03-15T13:35:15 IST" name="Before" finished-at="2022-03-15T13:35:18 IST" duration-ms="3304" status="PASS">
          <reporter-output>
          </reporter-output>
        </test-method> <!-- Before -->
        <test-method signature="TestAdmin()[pri:50, instance:Test.TestMedi.NewTest@4da4253]" started-at="2022-03-15T13:35:18 IST" name="TestAdmin" finished-at="2022-03-15T13:35:38 IST" duration-ms="19796" status="PASS">
          <reporter-output>
          </reporter-output>
        </test-method> <!-- TestAdmin -->
        <test-method is-config="true" signature="After()[pri:0, instance:Test.TestMedi.NewTest@4da4253]" started-at="2022-03-15T13:35:38 IST" name="After" finished-at="2022-03-15T13:35:40 IST" duration-ms="2366" status="PASS">
          <reporter-output>
          </reporter-output>
        </test-method> <!-- After -->
      </class> <!-- Test.TestMedi.NewTest -->
    </test> <!-- Default test -->
  </suite> <!-- Default suite -->
</testng-results>
