<?xml version="1.0" encoding="UTF-8"?>
<testng-results ignored="0" total="1" passed="1" failed="0" skipped="0">
  <reporter-output>
  </reporter-output>
  <suite started-at="2022-03-14T19:08:29 IST" name="Default suite" finished-at="2022-03-14T19:08:48 IST" duration-ms="18904">
    <groups>
    </groups>
    <test started-at="2022-03-14T19:08:29 IST" name="Default test" finished-at="2022-03-14T19:08:48 IST" duration-ms="18904">
      <class name="com.medipro.assgn.assgn.NewTest">
        <test-method signature="test()[pri:0, instance:com.medipro.assgn.assgn.NewTest@618425b5]" started-at="2022-03-14T19:08:29 IST" name="test" finished-at="2022-03-14T19:08:48 IST" duration-ms="18835" status="PASS">
          <reporter-output>
          </reporter-output>
        </test-method> <!-- test -->
      </class> <!-- com.medipro.assgn.assgn.NewTest -->
    </test> <!-- Default test -->
  </suite> <!-- Default suite -->
</testng-results>
